Performing C SOURCE FILE Test CMAKE_HAVE_LIBC_PTHREAD failed with the following output:
Change Dir: /home/zz/work/check_ComputeCapability/build/linux/CMakeFiles/CMakeTmp

Run Build Command(s):/usr/bin/make cmTC_fdc29/fast && /usr/bin/make  -f CMakeFiles/cmTC_fdc29.dir/build.make CMakeFiles/cmTC_fdc29.dir/build
make[1]: Entering directory '/home/zz/work/check_ComputeCapability/build/linux/CMakeFiles/CMakeTmp'
Building C object CMakeFiles/cmTC_fdc29.dir/src.c.o
/usr/bin/cc   -fPIC -DCMAKE_HAVE_LIBC_PTHREAD   -o CMakeFiles/cmTC_fdc29.dir/src.c.o   -c /home/zz/work/check_ComputeCapability/build/linux/CMakeFiles/CMakeTmp/src.c
Linking C executable cmTC_fdc29
/home/zz/soft/cmake/bin/cmake -E cmake_link_script CMakeFiles/cmTC_fdc29.dir/link.txt --verbose=1
/usr/bin/cc -fPIC -DCMAKE_HAVE_LIBC_PTHREAD    -rdynamic CMakeFiles/cmTC_fdc29.dir/src.c.o  -o cmTC_fdc29 
CMakeFiles/cmTC_fdc29.dir/src.c.o：在函数‘main’中：
src.c:(.text+0x3e)：对‘pthread_create’未定义的引用
src.c:(.text+0x4a)：对‘pthread_detach’未定义的引用
src.c:(.text+0x56)：对‘pthread_cancel’未定义的引用
src.c:(.text+0x67)：对‘pthread_join’未定义的引用
src.c:(.text+0x7b)：对‘pthread_atfork’未定义的引用
collect2: error: ld returned 1 exit status
CMakeFiles/cmTC_fdc29.dir/build.make:106: recipe for target 'cmTC_fdc29' failed
make[1]: *** [cmTC_fdc29] Error 1
make[1]: Leaving directory '/home/zz/work/check_ComputeCapability/build/linux/CMakeFiles/CMakeTmp'
Makefile:141: recipe for target 'cmTC_fdc29/fast' failed
make: *** [cmTC_fdc29/fast] Error 2


Source file was:
#include <pthread.h>

void* test_func(void* data)
{
  return data;
}

int main(void)
{
  pthread_t thread;
  pthread_create(&thread, NULL, test_func, NULL);
  pthread_detach(thread);
  pthread_cancel(thread);
  pthread_join(thread, NULL);
  pthread_atfork(NULL, NULL, NULL);
  pthread_exit(NULL);

  return 0;
}

Determining if the function pthread_create exists in the pthreads failed with the following output:
Change Dir: /home/zz/work/check_ComputeCapability/build/linux/CMakeFiles/CMakeTmp

Run Build Command(s):/usr/bin/make cmTC_8f648/fast && /usr/bin/make  -f CMakeFiles/cmTC_8f648.dir/build.make CMakeFiles/cmTC_8f648.dir/build
make[1]: Entering directory '/home/zz/work/check_ComputeCapability/build/linux/CMakeFiles/CMakeTmp'
Building C object CMakeFiles/cmTC_8f648.dir/CheckFunctionExists.c.o
/usr/bin/cc   -fPIC -DCHECK_FUNCTION_EXISTS=pthread_create   -o CMakeFiles/cmTC_8f648.dir/CheckFunctionExists.c.o   -c /home/zz/soft/cmake/share/cmake-3.17/Modules/CheckFunctionExists.c
Linking C executable cmTC_8f648
/home/zz/soft/cmake/bin/cmake -E cmake_link_script CMakeFiles/cmTC_8f648.dir/link.txt --verbose=1
/usr/bin/cc -fPIC -DCHECK_FUNCTION_EXISTS=pthread_create    -rdynamic CMakeFiles/cmTC_8f648.dir/CheckFunctionExists.c.o  -o cmTC_8f648  -lpthreads 
/usr/bin/ld: 找不到 -lpthreads
collect2: error: ld returned 1 exit status
CMakeFiles/cmTC_8f648.dir/build.make:106: recipe for target 'cmTC_8f648' failed
make[1]: *** [cmTC_8f648] Error 1
make[1]: Leaving directory '/home/zz/work/check_ComputeCapability/build/linux/CMakeFiles/CMakeTmp'
Makefile:141: recipe for target 'cmTC_8f648/fast' failed
make: *** [cmTC_8f648/fast] Error 2



